2025-03-01T13:04:25.457+03:00  INFO 20178 --- [main] com.example.demo.DemoApplication         : Starting DemoApplication using Java 23.0.1 with PID 20178 (/Users/sisdrug/Desktop/repo/target/classes started by sisdrug in /Users/sisdrug/Desktop/repo)
2025-03-01T13:04:25.473+03:00 DEBUG 20178 --- [main] com.example.demo.DemoApplication         : Running with Spring Boot v3.3.5, Spring v6.1.14
2025-03-01T13:04:25.475+03:00  INFO 20178 --- [main] com.example.demo.DemoApplication         : No active profile set, falling back to 1 default profile: "default"
2025-03-01T13:04:26.313+03:00  INFO 20178 --- [main] .s.d.r.c.RepositoryConfigurationDelegate : Bootstrapping Spring Data JPA repositories in DEFAULT mode.
2025-03-01T13:04:26.394+03:00  INFO 20178 --- [main] .s.d.r.c.RepositoryConfigurationDelegate : Finished Spring Data repository scanning in 70 ms. Found 11 JPA repository interfaces.
2025-03-01T13:04:27.374+03:00  INFO 20178 --- [main] o.s.b.w.embedded.tomcat.TomcatWebServer  : Tomcat initialized with port 8080 (http)
2025-03-01T13:04:27.391+03:00  INFO 20178 --- [main] o.apache.catalina.core.StandardService   : Starting service [Tomcat]
2025-03-01T13:04:27.391+03:00  INFO 20178 --- [main] o.apache.catalina.core.StandardEngine    : Starting Servlet engine: [Apache Tomcat/10.1.31]
2025-03-01T13:04:27.457+03:00  INFO 20178 --- [main] o.a.c.c.C.[Tomcat].[localhost].[/]       : Initializing Spring embedded WebApplicationContext
2025-03-01T13:04:27.458+03:00  INFO 20178 --- [main] w.s.c.ServletWebServerApplicationContext : Root WebApplicationContext: initialization completed in 1877 ms
2025-03-01T13:04:27.611+03:00  INFO 20178 --- [main] com.zaxxer.hikari.HikariDataSource       : HikariPool-1 - Starting...
2025-03-01T13:04:27.844+03:00  INFO 20178 --- [main] com.zaxxer.hikari.pool.HikariPool        : HikariPool-1 - Added connection org.postgresql.jdbc.PgConnection@d5e575c
2025-03-01T13:04:27.846+03:00  INFO 20178 --- [main] com.zaxxer.hikari.HikariDataSource       : HikariPool-1 - Start completed.
2025-03-01T13:04:33.033+03:00  INFO 20178 --- [main] liquibase.database                       : Set default schema name to public
2025-03-01T13:04:33.595+03:00  INFO 20178 --- [main] liquibase.changelog                      : Reading from public.databasechangelog
2025-03-01T13:04:33.670+03:00  INFO 20178 --- [main] liquibase.ui                             : Database is up to date, no changesets to execute
2025-03-01T13:04:33.673+03:00  INFO 20178 --- [main] liquibase.changelog                      : Reading from public.databasechangelog
2025-03-01T13:04:33.683+03:00  INFO 20178 --- [main] liquibase.util                           : UPDATE SUMMARY
2025-03-01T13:04:33.683+03:00  INFO 20178 --- [main] liquibase.util                           : Run:                          0
2025-03-01T13:04:33.683+03:00  INFO 20178 --- [main] liquibase.util                           : Previously run:              37
2025-03-01T13:04:33.683+03:00  INFO 20178 --- [main] liquibase.util                           : Filtered out:                 0
2025-03-01T13:04:33.683+03:00  INFO 20178 --- [main] liquibase.util                           : -------------------------------
2025-03-01T13:04:33.683+03:00  INFO 20178 --- [main] liquibase.util                           : Total change sets:           37
2025-03-01T13:04:33.685+03:00  INFO 20178 --- [main] liquibase.util                           : Update summary generated
2025-03-01T13:04:33.708+03:00  INFO 20178 --- [main] liquibase.lockservice                    : Successfully released change log lock
2025-03-01T13:04:33.711+03:00  INFO 20178 --- [main] liquibase.command                        : Command execution complete
2025-03-01T13:04:33.813+03:00  INFO 20178 --- [main] o.hibernate.jpa.internal.util.LogHelper  : HHH000204: Processing PersistenceUnitInfo [name: Default]
2025-03-01T13:04:33.934+03:00  INFO 20178 --- [main] org.hibernate.Version                    : HHH000412: Hibernate ORM core version 6.5.3.Final
2025-03-01T13:04:33.990+03:00  INFO 20178 --- [main] o.h.c.internal.RegionFactoryInitiator    : HHH000026: Second-level cache disabled
2025-03-01T13:04:34.452+03:00  INFO 20178 --- [main] o.s.o.j.p.SpringPersistenceUnitInfo      : No LoadTimeWeaver setup: ignoring JPA class transformer
2025-03-01T13:04:35.546+03:00  INFO 20178 --- [main] o.h.e.t.j.p.i.JtaPlatformInitiator       : HHH000489: No JTA platform available (set 'hibernate.transaction.jta.platform' to enable JTA platform integration)
2025-03-01T13:04:35.549+03:00  INFO 20178 --- [main] j.LocalContainerEntityManagerFactoryBean : Initialized JPA EntityManagerFactory for persistence unit 'Default'
2025-03-01T13:04:36.152+03:00  WARN 20178 --- [main] JpaBaseConfiguration$JpaWebConfiguration : spring.jpa.open-in-view is enabled by default. Therefore, database queries may be performed during view rendering. Explicitly configure spring.jpa.open-in-view to disable this warning
2025-03-01T13:04:36.556+03:00  WARN 20178 --- [main] o.s.b.a.m.MustacheAutoConfiguration      : Cannot find template location: classpath:/templates/ (please add some templates, check your Mustache configuration, or set spring.mustache.check-template-location=false)
2025-03-01T13:04:36.846+03:00  INFO 20178 --- [main] o.s.b.w.embedded.tomcat.TomcatWebServer  : Tomcat started on port 8080 (http) with context path '/'
2025-03-01T13:04:36.860+03:00  INFO 20178 --- [main] com.example.demo.DemoApplication         : Started DemoApplication in 11.999 seconds (process running for 12.812)
2025-03-01T13:57:22.029+03:00  INFO 20178 --- [http-nio-8080-exec-1] o.a.c.c.C.[Tomcat].[localhost].[/]       : Initializing Spring DispatcherServlet 'dispatcherServlet'
2025-03-01T13:57:22.029+03:00  INFO 20178 --- [http-nio-8080-exec-1] o.s.web.servlet.DispatcherServlet        : Initializing Servlet 'dispatcherServlet'
2025-03-01T13:57:22.036+03:00  INFO 20178 --- [http-nio-8080-exec-1] o.s.web.servlet.DispatcherServlet        : Completed initialization in 5 ms
2025-03-01T14:29:13.726+03:00  INFO 20178 --- [SpringApplicationShutdownHook] j.LocalContainerEntityManagerFactoryBean : Closing JPA EntityManagerFactory for persistence unit 'Default'
2025-03-01T14:29:13.733+03:00  INFO 20178 --- [SpringApplicationShutdownHook] com.zaxxer.hikari.HikariDataSource       : HikariPool-1 - Shutdown initiated...
2025-03-01T14:29:13.738+03:00  INFO 20178 --- [SpringApplicationShutdownHook] com.zaxxer.hikari.HikariDataSource       : HikariPool-1 - Shutdown completed.
